[2019-07-24 20:57:04] INFO com.lin.sysmanage.aspect.LogAspect.around(LogAspect.java:50) : =====================开始执行通知==================
[2019-07-24 20:57:05] INFO com.lin.sysmanage.aspect.LogAspect.saveLog(LogAspect.java:106) : 请求的类名:com.lin.sysmanage.controller.UserController
[2019-07-24 20:57:05] INFO com.lin.sysmanage.aspect.LogAspect.saveLog(LogAspect.java:107) : 请求方法:com.lin.sysmanage.controller.UserController.getUserList()
[2019-07-24 20:57:05] INFO com.lin.sysmanage.aspect.LogAspect.saveLog(LogAspect.java:108) : 请求方式:POST
[2019-07-24 20:57:05] INFO com.lin.sysmanage.aspect.LogAspect.saveLog(LogAspect.java:109) : 操作描述:查询用户信息,操作类型=select
[2019-07-24 20:57:05] INFO com.lin.sysmanage.aspect.LogAspect.saveLog(LogAspect.java:110) : 请求参数:
[2019-07-24 20:57:05] INFO com.lin.sysmanage.aspect.LogAspect.saveLog(LogAspect.java:111) : 请求IP:127.0.0.1
[2019-07-24 20:57:05] INFO com.lin.sysmanage.aspect.LogAspect.saveLog(LogAspect.java:112) : 请求地址:/user/getUserList
[2019-07-24 20:57:06] INFO com.lin.sysmanage.aspect.LogAspect.around(LogAspect.java:68) : =====================执行通知结束==================
[2019-07-24 20:57:14] INFO com.lin.sysmanage.aspect.LogAspect.around(LogAspect.java:50) : =====================开始执行通知==================
[2019-07-24 20:57:17] INFO com.lin.sysmanage.aspect.LogAspect.saveLog(LogAspect.java:106) : 请求的类名:com.lin.sysmanage.controller.MenuController
[2019-07-24 20:57:17] INFO com.lin.sysmanage.aspect.LogAspect.saveLog(LogAspect.java:107) : 请求方法:com.lin.sysmanage.controller.MenuController.list()
[2019-07-24 20:57:17] INFO com.lin.sysmanage.aspect.LogAspect.saveLog(LogAspect.java:108) : 请求方式:GET
[2019-07-24 20:57:17] INFO com.lin.sysmanage.aspect.LogAspect.saveLog(LogAspect.java:109) : 操作描述:查询菜单信息,操作类型=select
[2019-07-24 20:57:17] INFO com.lin.sysmanage.aspect.LogAspect.saveLog(LogAspect.java:110) : 请求参数:{"order":"asc"}
[2019-07-24 20:57:17] INFO com.lin.sysmanage.aspect.LogAspect.saveLog(LogAspect.java:111) : 请求IP:127.0.0.1
[2019-07-24 20:57:17] INFO com.lin.sysmanage.aspect.LogAspect.saveLog(LogAspect.java:112) : 请求地址:/menu/list
[2019-07-24 20:57:17] INFO com.lin.sysmanage.aspect.LogAspect.around(LogAspect.java:68) : =====================执行通知结束==================
[2019-07-24 20:58:30] INFO com.lin.sysmanage.aspect.LogAspect.around(LogAspect.java:50) : =====================开始执行通知==================
[2019-07-24 20:58:31] INFO com.lin.sysmanage.aspect.LogAspect.saveLog(LogAspect.java:106) : 请求的类名:com.lin.sysmanage.controller.MenuController
[2019-07-24 20:58:31] INFO com.lin.sysmanage.aspect.LogAspect.saveLog(LogAspect.java:107) : 请求方法:com.lin.sysmanage.controller.MenuController.list()
[2019-07-24 20:58:31] INFO com.lin.sysmanage.aspect.LogAspect.saveLog(LogAspect.java:108) : 请求方式:GET
[2019-07-24 20:58:31] INFO com.lin.sysmanage.aspect.LogAspect.saveLog(LogAspect.java:109) : 操作描述:查询菜单信息,操作类型=select
[2019-07-24 20:58:31] INFO com.lin.sysmanage.aspect.LogAspect.saveLog(LogAspect.java:110) : 请求参数:{"order":"asc"}
[2019-07-24 20:58:31] INFO com.lin.sysmanage.aspect.LogAspect.saveLog(LogAspect.java:111) : 请求IP:127.0.0.1
[2019-07-24 20:58:31] INFO com.lin.sysmanage.aspect.LogAspect.saveLog(LogAspect.java:112) : 请求地址:/menu/list
[2019-07-24 20:58:31] INFO com.lin.sysmanage.aspect.LogAspect.around(LogAspect.java:68) : =====================执行通知结束==================
